<?xml version="1.0" encoding="UTF-8"?>
<testsuite xmlns:xsi="http://www.w3.org/2001/XMLSchema-instance" xsi:noNamespaceSchemaLocation="https://maven.apache.org/surefire/maven-surefire-plugin/xsd/surefire-test-report-3.0.xsd" version="3.0" name="passwordchecker.PasswordCheckerTest" time="0.104" tests="4" errors="0" skipped="0" failures="0">
  <properties>
[...]
</properties>
  <testcase name="estimateCrackTime" classname="passwordchecker.PasswordCheckerTest" time="0.013"/>
  <testcase name="isInCommonPasswords" classname="passwordchecker.PasswordCheckerTest" time="0.07"/>
  <testcase name="checkPassword" classname="passwordchecker.PasswordCheckerTest" time="0.002"/>
  <testcase name="printStrength" classname="passwordchecker.PasswordCheckerTest" time="0.004">
    <system-out><![CDATA[Password difficulty: 5 / 5 → Very Strong
Password difficulty: 0 / 5 → Very Weak
]]></system-out>
  </testcase>
</testsuite>